#
# A fatal error has been detected by the Java Runtime Environment:
#
#  Internal Error (os_windows_x86.cpp:114), pid=7952, tid=6024
#  Error: guarantee(result == -1,"Unexpected result from topLevelExceptionFilter")
#
# JRE version: 6.0_17-b04
# Java VM: Java HotSpot(TM) 64-Bit Server VM (14.3-b01 mixed mode windows-amd64 )
# If you would like to submit a bug report, please visit:
#   http://java.sun.com/webapps/bugreport/crash.jsp
# The crash happened outside the Java Virtual Machine in native code.
# See problematic frame for where to report the bug.
#

---------------  T H R E A D  ---------------

Current thread (0x0000000004f13000):  JavaThread "main" [_thread_in_native, id=6024, stack(0x00000000000e0000,0x00000000040e0000)]

Stack: [0x00000000000e0000,0x00000000040e0000]
Java frames: (J=compiled Java code, j=interpreted, Vv=VM code)
j  com.mathworks.jmi.NativeMatlab.PostMatlabMessage(Ljava/lang/Object;J)V+0
j  com.mathworks.jmi.NativeMatlab.postMatlabMessage(Ljava/lang/Object;J)V+3
j  com.mathworks.jmi.NativeMatlab.postMatlabMessage(Ljava/lang/Object;)V+6
j  com.mathworks.jmi.MatlabLooper.postMatlabMessage(Lcom/mathworks/services/message/MWMessage;Lcom/mathworks/services/message/MWHandler;)V+30
j  com.mathworks.jmi.MatlabMCR.postAsync(Lcom/mathworks/services/message/MWMessage;Lcom/mathworks/jmi/CompletionObserver;Lcom/mathworks/jmi/MatlabListener;)V+34
j  com.mathworks.jmi.MatlabMCR.stderrString(Ljava/lang/String;)V+42
j  com.mathworks.jmi.MatlabErrStream.flush()V+42
j  java.io.PrintStream.write([BII)V+30
j  sun.nio.cs.StreamEncoder.writeBytes()V+120
j  sun.nio.cs.StreamEncoder.implFlushBuffer()V+11
j  sun.nio.cs.StreamEncoder.flushBuffer()V+15
j  java.io.OutputStreamWriter.flushBuffer()V+4
j  java.io.PrintStream.write(Ljava/lang/String;)V+27
j  java.io.PrintStream.print(Ljava/lang/String;)V+9
j  java.io.PrintStream.println(Ljava/lang/Object;)V+11
j  java.lang.Throwable.printStackTrace(Ljava/io/PrintStream;)V+6
j  java.lang.Throwable.printStackTrace()V+4
v  ~StubRoutines::call_stub
j  com.mathworks.jmi.NativeMatlab.PostMatlabMessage(Ljava/lang/Object;J)V+0
j  com.mathworks.jmi.NativeMatlab.postMatlabMessage(Ljava/lang/Object;J)V+3
j  com.mathworks.jmi.NativeMatlab.postMatlabMessage(Ljava/lang/Object;)V+6
j  com.mathworks.jmi.MatlabLooper.postMatlabMessage(Lcom/mathworks/services/message/MWMessage;Lcom/mathworks/services/message/MWHandler;)V+30
j  com.mathworks.jmi.MatlabMCR.postAsync(Lcom/mathworks/services/message/MWMessage;Lcom/mathworks/jmi/CompletionObserver;Lcom/mathworks/jmi/MatlabListener;)V+34
j  com.mathworks.jmi.MatlabMCR.stderrString(Ljava/lang/String;)V+42
j  com.mathworks.jmi.MatlabErrStream.flush()V+42
j  java.io.PrintStream.write([BII)V+30
j  sun.nio.cs.StreamEncoder.writeBytes()V+120
j  sun.nio.cs.StreamEncoder.implFlushBuffer()V+11
j  sun.nio.cs.StreamEncoder.flushBuffer()V+15
j  java.io.OutputStreamWriter.flushBuffer()V+4
j  java.io.PrintStream.write(Ljava/lang/String;)V+27
j  java.io.PrintStream.print(Ljava/lang/String;)V+9
j  java.io.PrintStream.println(Ljava/lang/Object;)V+11
j  java.lang.Throwable.printStackTrace(Ljava/io/PrintStream;)V+6
j  java.lang.Throwable.printStackTrace()V+4
v  ~StubRoutines::call_stub
j  com.mathworks.jmi.NativeMatlab.PostMatlabMessage(Ljava/lang/Object;J)V+0
j  com.mathworks.jmi.NativeMatlab.postMatlabMessage(Ljava/lang/Object;J)V+3
j  com.mathworks.jmi.NativeMatlab.postMatlabMessage(Ljava/lang/Object;)V+6
j  com.mathworks.jmi.MatlabLooper.postMatlabMessage(Lcom/mathworks/services/message/MWMessage;Lcom/mathworks/services/message/MWHandler;)V+30
j  com.mathworks.jmi.MatlabMCR.postAsync(Lcom/mathworks/services/message/MWMessage;Lcom/mathworks/jmi/CompletionObserver;Lcom/mathworks/jmi/MatlabListener;)V+34
j  com.mathworks.jmi.MatlabMCR.stderrString(Ljava/lang/String;)V+42
j  com.mathworks.jmi.MatlabErrStream.flush()V+42
j  java.io.PrintStream.write([BII)V+30
j  sun.nio.cs.StreamEncoder.writeBytes()V+120
j  sun.nio.cs.StreamEncoder.implFlushBuffer()V+11
j  sun.nio.cs.StreamEncoder.flushBuffer()V+15
j  java.io.OutputStreamWriter.flushBuffer()V+4
j  java.io.PrintStream.write(Ljava/lang/String;)V+27
j  java.io.PrintStream.print(Ljava/lang/String;)V+9
j  java.io.PrintStream.println(Ljava/lang/Object;)V+11
j  java.lang.Throwable.printStackTrace(Ljava/io/PrintStream;)V+6
j  java.lang.Throwable.printStackTrace()V+4
v  ~StubRoutines::call_stub

---------------  P R O C E S S  ---------------

Java Threads: ( => current thread )
  0x0000000064f1a800 JavaThread "FreeableDirectByteBuffer reference reaper" daemon [_thread_blocked, id=8384, stack(0x0000000068000000,0x0000000068080000)]
  0x0000000064f19000 JavaThread "Thread-19" daemon [_thread_blocked, id=1760, stack(0x0000000066e70000,0x0000000066ef0000)]
  0x0000000064f18000 JavaThread "CommGroup select thread com.mathworks.toolbox.distcomp.pmode.io.CommunicationGroup@4cd52b0c" daemon [_thread_blocked, id=7404, stack(0x00000000558c0000,0x0000000055940000)]
  0x0000000064f17800 JavaThread "Thread-18" daemon [_thread_blocked, id=2684, stack(0x000000004d680000,0x000000004d700000)]
  0x0000000064f16000 JavaThread "LocalScheduler-pool-5-thread-4" daemon [_thread_in_native, id=5864, stack(0x000000002d520000,0x000000002d5a0000)]
  0x0000000064f15800 JavaThread "Thread-16" [_thread_blocked, id=8400, stack(0x000000002d5d0000,0x000000002d650000)]
  0x0000000064f14800 JavaThread "LocalScheduler-pool-5-thread-3" daemon [_thread_blocked, id=8084, stack(0x000000000f830000,0x000000000f8b0000)]
  0x00000000648bb000 JavaThread "LocalScheduler-pool-5-thread-2" daemon [_thread_blocked, id=3348, stack(0x0000000029700000,0x0000000029780000)]
  0x00000000648c0000 JavaThread "LocalScheduler-pool-5-thread-1" daemon [_thread_blocked, id=8492, stack(0x000000000f760000,0x000000000f7e0000)]
  0x00000000648c1000 JavaThread "Thread-15" daemon [_thread_blocked, id=6860, stack(0x000000000f680000,0x000000000f700000)]
  0x00000000648bf800 JavaThread "Code Analyzer updating thread" [_thread_blocked, id=8944, stack(0x0000000066ba0000,0x0000000066c20000)]
  0x00000000648be800 JavaThread "Code Analyzer updating thread" [_thread_blocked, id=7396, stack(0x0000000066dd0000,0x0000000066e50000)]
  0x00000000648be000 JavaThread "Timer-3" [_thread_blocked, id=8692, stack(0x000000005e9c0000,0x000000005ea40000)]
  0x00000000648bd000 JavaThread "Code Analyzer updating thread" [_thread_blocked, id=8496, stack(0x0000000066c50000,0x0000000066cd0000)]
  0x00000000648bc800 JavaThread "Active Reference Queue Daemon" daemon [_thread_blocked, id=6968, stack(0x000000004d5d0000,0x000000004d650000)]
  0x00000000648bb800 JavaThread "Timer-2" daemon [_thread_blocked, id=4048, stack(0x0000000066a60000,0x0000000066ae0000)]
  0x00000000648ba800 JavaThread "Timer-1" daemon [_thread_blocked, id=6544, stack(0x0000000066990000,0x0000000066a10000)]
  0x00000000648b9800 JavaThread "FelixPackageAdmin" daemon [_thread_blocked, id=1692, stack(0x000000005ea40000,0x000000005eac0000)]
  0x0000000064475000 JavaThread "FelixStartLevel" daemon [_thread_blocked, id=7892, stack(0x0000000066680000,0x0000000066700000)]
  0x0000000064d5d000 JavaThread "FelixDispatchQueue" daemon [_thread_blocked, id=8436, stack(0x00000000665e0000,0x0000000066660000)]
  0x000000005dbad000 JavaThread "TimerQueue" daemon [_thread_blocked, id=8364, stack(0x0000000025400000,0x0000000025480000)]
  0x00000000645f5800 JavaThread "AWT-EventQueue-0" [_thread_blocked, id=5828, stack(0x000000005e800000,0x000000005e880000)]
  0x00000000642dc800 JavaThread "com.google.common.base.internal.Finalizer" daemon [_thread_blocked, id=6844, stack(0x0000000029590000,0x0000000029610000)]
  0x00000000644d0800 JavaThread "AWT-Shutdown" [_thread_blocked, id=7684, stack(0x0000000051840000,0x00000000518c0000)]
  0x0000000064503800 JavaThread "AWT-Windows" daemon [_thread_blocked, id=7340, stack(0x0000000045440000,0x00000000454c0000)]
  0x0000000064502000 JavaThread "Java2D Disposer" daemon [_thread_blocked, id=8424, stack(0x0000000025490000,0x0000000025510000)]
  0x000000005e76e800 JavaThread "Timer-0" [_thread_blocked, id=8260, stack(0x0000000029630000,0x00000000296b0000)]
  0x000000005e5ed000 JavaThread "JMI Unnamed Thread" [_thread_in_native, id=2328, stack(0x00000000150e0000,0x00000000190e0000)]
  0x000000005db3a000 JavaThread "Low Memory Detector" daemon [_thread_blocked, id=5364, stack(0x000000001d2a0000,0x000000001d320000)]
  0x000000005db35800 JavaThread "CompilerThread1" daemon [_thread_blocked, id=1500, stack(0x00000000881f0000,0x000000008c1f0000)]
  0x000000005db2f800 JavaThread "CompilerThread0" daemon [_thread_blocked, id=1080, stack(0x00000000840c0000,0x00000000880c0000)]
  0x000000005db2e800 JavaThread "Attach Listener" daemon [_thread_blocked, id=948, stack(0x0000000019140000,0x00000000191c0000)]
  0x000000005dacf000 JavaThread "Finalizer" daemon [_thread_blocked, id=5108, stack(0x0000000010f10000,0x0000000010f90000)]
  0x000000005daca000 JavaThread "Reference Handler" daemon [_thread_blocked, id=1236, stack(0x000000001d380000,0x000000001d400000)]
=>0x0000000004f13000 JavaThread "main" [_thread_in_native, id=6024, stack(0x00000000000e0000,0x00000000040e0000)]

Other Threads:
  0x000000005dac5000 VMThread [stack: 0x0000000080000000,0x0000000084000000] [id=4976]
  0x000000005db59000 WatcherThread [stack: 0x000000008c290000,0x0000000090290000] [id=5704]

VM state:at safepoint (normal execution)

VM Mutex/Monitor currently owned by a thread:  ([mutex/lock_event])
[0x0000000004f10fa0] Threads_lock - owner thread: 0x000000005dac5000
[0x0000000004f114a0] Heap_lock - owner thread: 0x0000000064f15800

Heap
 PSYoungGen      total 25536K, used 16768K [0x00000000422f0000, 0x0000000045370000, 0x00000000453f0000)
  eden space 16768K, 100% used [0x00000000422f0000,0x0000000043350000,0x0000000043350000)
  from space 8768K, 0% used [0x0000000043350000,0x0000000043350000,0x0000000043be0000)
  to   space 16448K, 0% used [0x0000000044360000,0x0000000044360000,0x0000000045370000)
 PSOldGen        total 150528K, used 150527K [0x0000000038ff0000, 0x00000000422f0000, 0x00000000422f0000)
  object space 150528K, 99% used [0x0000000038ff0000,0x00000000422efff8,0x00000000422f0000)
 PSPermGen       total 59456K, used 59190K [0x0000000030ff0000, 0x0000000034a00000, 0x0000000038ff0000)
  object space 59456K, 99% used [0x0000000030ff0000,0x00000000349bdb38,0x0000000034a00000)

Dynamic libraries:
0x000000013f810000 - 0x000000013f839000 	C:\Program Files\MATLAB\R2011b\bin\win64\MATLAB.exe
0x0000000076d20000 - 0x0000000076ec9000 	C:\Windows\SYSTEM32\ntdll.dll
0x0000000076640000 - 0x000000007675f000 	C:\Windows\system32\kernel32.dll
0x000007fefd400000 - 0x000007fefd46b000 	C:\Windows\system32\KERNELBASE.dll
0x0000000074460000 - 0x0000000074563000 	C:\Program Files\MATLAB\R2011b\bin\win64\libut.dll
0x00000000758a0000 - 0x0000000075944000 	C:\Program Files\MATLAB\R2011b\bin\win64\libmwi18n.dll
0x0000000180000000 - 0x000000018000b000 	C:\Program Files\MATLAB\R2011b\bin\win64\libmwresource_core.dll
0x000000006e1c0000 - 0x000000006e293000 	C:\Windows\WinSxS\amd64_microsoft.vc90.crt_1fc8b3b9a1e18e3b_9.0.30729.6161_none_08e61857a83bc251\MSVCP90.dll
0x000000006e110000 - 0x000000006e1b3000 	C:\Windows\WinSxS\amd64_microsoft.vc90.crt_1fc8b3b9a1e18e3b_9.0.30729.6161_none_08e61857a83bc251\MSVCR90.dll
0x000000007a170000 - 0x000000007a19c000 	C:\Program Files\MATLAB\R2011b\bin\win64\boost_filesystem-vc90-mt-1_44.dll
0x000000007a560000 - 0x000000007a569000 	C:\Program Files\MATLAB\R2011b\bin\win64\boost_system-vc90-mt-1_44.dll
0x000007fefd6e0000 - 0x000007fefd7bb000 	C:\Windows\system32\ADVAPI32.dll
0x000007fefd640000 - 0x000007fefd6df000 	C:\Windows\system32\msvcrt.dll
0x000007fefdd90000 - 0x000007fefddaf000 	C:\Windows\SYSTEM32\sechost.dll
0x000007fefdaa0000 - 0x000007fefdbcd000 	C:\Windows\system32\RPCRT4.dll
0x000000007a010000 - 0x000000007a035000 	C:\Program Files\MATLAB\R2011b\bin\win64\LIBEXPAT.dll
0x0000000073fe0000 - 0x00000000741d1000 	C:\Program Files\MATLAB\R2011b\bin\win64\icuin44.dll
0x0000000067d80000 - 0x0000000067ef1000 	C:\Program Files\MATLAB\R2011b\bin\win64\icuuc44.dll
0x0000000010000000 - 0x0000000010e41000 	C:\Program Files\MATLAB\R2011b\bin\win64\icudt44.dll
0x00000000042c0000 - 0x0000000004405000 	C:\Program Files\MATLAB\R2011b\bin\win64\libmwfl.dll
0x000000007a350000 - 0x000000007a556000 	C:\Program Files\MATLAB\R2011b\bin\win64\libmwMATLAB_res.dll
0x0000000004160000 - 0x0000000004170000 	C:\Program Files\MATLAB\R2011b\bin\win64\boost_date_time-vc90-mt-1_44.dll
0x000000007a250000 - 0x000000007a263000 	C:\Program Files\MATLAB\R2011b\bin\win64\boost_signals-vc90-mt-1_44.dll
0x000000007a2d0000 - 0x000000007a2e2000 	C:\Program Files\MATLAB\R2011b\bin\win64\boost_thread-vc90-mt-1_44.dll
0x0000000004410000 - 0x0000000004456000 	C:\Program Files\MATLAB\R2011b\bin\win64\tbb.dll
0x000007fefef60000 - 0x000007fefef79000 	C:\Windows\system32\imagehlp.dll
0x0000000076ef0000 - 0x0000000076ef7000 	C:\Windows\system32\PSAPI.DLL
0x0000000074390000 - 0x00000000743a3000 	C:\Program Files\MATLAB\R2011b\bin\win64\icuio44.dll
0x000007fef9080000 - 0x000007fef91a5000 	C:\Windows\system32\dbghelp.dll
0x0000000076c20000 - 0x0000000076d1a000 	C:\Windows\system32\USER32.dll
0x000007fefdc70000 - 0x000007fefdcd7000 	C:\Windows\system32\GDI32.dll
0x000007feff020000 - 0x000007feff02e000 	C:\Windows\system32\LPK.dll
0x000007fefd7c0000 - 0x000007fefd889000 	C:\Windows\system32\USP10.dll
0x000000007bed0000 - 0x000000007c148000 	C:\Program Files\MATLAB\R2011b\bin\win64\libmwservices.dll
0x0000000075a20000 - 0x0000000075ad5000 	C:\Program Files\MATLAB\R2011b\bin\win64\libmx.dll
0x000000007a210000 - 0x000000007a228000 	C:\Program Files\MATLAB\R2011b\bin\win64\zlib1.dll
0x0000000004490000 - 0x00000000045b3000 	C:\Program Files\MATLAB\R2011b\bin\win64\libmwmathutil.dll
0x0000000075f10000 - 0x0000000075f5d000 	C:\Program Files\MATLAB\R2011b\bin\win64\mpath.dll
0x000000007b680000 - 0x000000007bb4d000 	C:\Program Files\MATLAB\R2011b\bin\win64\mlutil.dll
0x0000000074310000 - 0x000000007438f000 	C:\Program Files\MATLAB\R2011b\bin\win64\xmlcore.dll
0x000000007bc30000 - 0x000000007be83000 	C:\Program Files\MATLAB\R2011b\bin\win64\xerces-c_2_7.dll
0x000007fefdf90000 - 0x000007fefdfdd000 	C:\Windows\system32\WS2_32.dll
0x000007fefd5b0000 - 0x000007fefd5b8000 	C:\Windows\system32\NSI.dll
0x0000000004610000 - 0x0000000004626000 	C:\Program Files\MATLAB\R2011b\bin\win64\libmwsettings_res.dll
0x0000000004640000 - 0x0000000004687000 	C:\Program Files\MATLAB\R2011b\bin\win64\boost_serialization-vc90-mt-1_44.dll
0x000007fefe1d0000 - 0x000007fefef58000 	C:\Windows\system32\SHELL32.dll
0x000007fefd5c0000 - 0x000007fefd631000 	C:\Windows\system32\SHLWAPI.dll
0x000007fef86a0000 - 0x000007fef8740000 	C:\Windows\WinSxS\amd64_microsoft.windows.common-controls_6595b64144ccf1df_5.82.7601.17514_none_a4d6a923711520a9\COMCTL32.dll
0x000007fefdbd0000 - 0x000007fefdc67000 	C:\Windows\system32\COMDLG32.dll
0x000007fefb280000 - 0x000007fefb296000 	C:\Windows\system32\NETAPI32.dll
0x000007fefb270000 - 0x000007fefb27c000 	C:\Windows\system32\netutils.dll
0x000007fefccf0000 - 0x000007fefcd13000 	C:\Windows\system32\srvcli.dll
0x000007fefb250000 - 0x000007fefb265000 	C:\Windows\system32\wkscli.dll
0x000007fefd890000 - 0x000007fefda93000 	C:\Windows\system32\ole32.dll
0x000007fefdfe0000 - 0x000007fefe0b7000 	C:\Windows\system32\OLEAUT32.dll
0x0000000074970000 - 0x0000000074a41000 	C:\Program Files\MATLAB\R2011b\bin\win64\mcr.dll
0x0000000075000000 - 0x0000000075324000 	C:\Program Files\MATLAB\R2011b\bin\win64\iqm.dll
0x0000000066fb0000 - 0x0000000067780000 	C:\Program Files\MATLAB\R2011b\bin\win64\m_interpreter.dll
0x00000000742f0000 - 0x0000000074305000 	C:\Program Files\MATLAB\R2011b\bin\win64\libmex.dll
0x0000000074240000 - 0x00000000742ee000 	C:\Program Files\MATLAB\R2011b\bin\win64\m_dispatcher.dll
0x0000000074880000 - 0x000000007496d000 	C:\Program Files\MATLAB\R2011b\bin\win64\boost_regex-vc90-mt-1_44.dll
0x0000000068cd0000 - 0x0000000068d54000 	C:\Program Files\MATLAB\R2011b\bin\win64\profiler.dll
0x0000000079f40000 - 0x0000000079f73000 	C:\Program Files\MATLAB\R2011b\bin\win64\libmwmathrng.dll
0x0000000074c10000 - 0x0000000074cea000 	C:\Program Files\MATLAB\R2011b\bin\win64\libmwmathcore.dll
0x0000000076160000 - 0x00000000761cb000 	C:\Program Files\MATLAB\R2011b\bin\win64\libmwspmatrix.dll
0x0000000075ea0000 - 0x0000000075f02000 	C:\Program Files\MATLAB\R2011b\bin\win64\libmwcholmod.dll
0x0000000004750000 - 0x000000000475d000 	C:\Program Files\MATLAB\R2011b\bin\win64\libmwamd.dll
0x0000000004770000 - 0x000000000477c000 	C:\Program Files\MATLAB\R2011b\bin\win64\libmwcolamd.dll
0x0000000074220000 - 0x0000000074239000 	C:\Program Files\MATLAB\R2011b\bin\win64\libmwblas.dll
0x0000000073fc0000 - 0x0000000073fd2000 	C:\Program Files\MATLAB\R2011b\bin\win64\libmwbinder.dll
0x0000000073fb0000 - 0x0000000073fbb000 	C:\Program Files\MATLAB\R2011b\bin\win64\libmwompwrapper.dll
0x0000000068c40000 - 0x0000000068cc2000 	C:\Program Files\MATLAB\R2011b\bin\win64\libmwlapack.dll
0x0000000073f80000 - 0x0000000073fa1000 	C:\Program Files\MATLAB\R2011b\bin\win64\m_pcodeio.dll
0x0000000079b10000 - 0x0000000079b77000 	C:\Program Files\MATLAB\R2011b\bin\win64\m_ir.dll
0x000000005fac0000 - 0x0000000060100000 	C:\Program Files\MATLAB\R2011b\bin\win64\m_parser.dll
0x00000000721f0000 - 0x000000007220a000 	C:\Program Files\MATLAB\R2011b\bin\win64\ir_xfmr.dll
0x0000000067af0000 - 0x0000000067d75000 	C:\Program Files\MATLAB\R2011b\bin\win64\mcos.dll
0x00000000721e0000 - 0x00000000721ec000 	C:\Program Files\MATLAB\R2011b\bin\win64\mtok.dll
0x0000000068c00000 - 0x0000000068c31000 	C:\Program Files\MATLAB\R2011b\bin\win64\m_pcodegen.dll
0x0000000079fb0000 - 0x0000000079fe5000 	C:\Program Files\MATLAB\R2011b\bin\win64\libmwbridge.dll
0x00000000682f0000 - 0x00000000683b8000 	C:\Program Files\MATLAB\R2011b\bin\win64\udd.dll
0x00000000679a0000 - 0x0000000067ae7000 	C:\Program Files\MATLAB\R2011b\bin\win64\libmwgui.dll
0x000000006e990000 - 0x000000006e9a7000 	C:\Program Files\MATLAB\R2011b\bin\win64\graphics_util.dll
0x000000005f110000 - 0x000000005fac0000 	C:\Program Files\MATLAB\R2011b\bin\win64\hg.dll
0x0000000076100000 - 0x0000000076158000 	C:\Program Files\MATLAB\R2011b\bin\win64\libmat.dll
0x0000000072d30000 - 0x0000000072f44000 	C:\Program Files\MATLAB\R2011b\bin\win64\hdf5dll.dll
0x0000000075710000 - 0x000000007579d000 	C:\Program Files\MATLAB\R2011b\bin\win64\jmi.dll
0x00000000048c0000 - 0x00000000048ce000 	C:\Program Files\MATLAB\R2011b\bin\win64\nativejava_services.dll
0x00000000689e0000 - 0x0000000068a23000 	C:\Program Files\MATLAB\R2011b\bin\win64\libmwhardcopy.dll
0x0000000068970000 - 0x00000000689d3000 	C:\Program Files\MATLAB\R2011b\bin\win64\libuij.dll
0x0000000066750000 - 0x0000000066957000 	C:\Program Files\MATLAB\R2011b\bin\win64\hgdatatypes.dll
0x00000000678a0000 - 0x0000000067999000 	C:\Program Files\MATLAB\R2011b\bin\win64\hgutils.dll
0x000000005f050000 - 0x000000005f10d000 	C:\Program Files\MATLAB\R2011b\bin\win64\udd_mi.dll
0x0000000004930000 - 0x0000000004bf9000 	C:\Program Files\MATLAB\R2011b\bin\win64\uiw.dll
0x00000000721d0000 - 0x00000000721df000 	C:\Program Files\MATLAB\R2011b\bin\win64\uinone.dll
0x000007fef5aa0000 - 0x000007fef5ab8000 	C:\Windows\system32\MPR.dll
0x000000005eb60000 - 0x000000005f044000 	C:\Windows\WinSxS\amd64_microsoft.vc90.mfc_1fc8b3b9a1e18e3b_9.0.30729.6161_none_044aad0bab1eb146\mfc90.dll
0x000007fef8c80000 - 0x000007fef8c87000 	C:\Windows\system32\MSIMG32.dll
0x000007fef8620000 - 0x000007fef8691000 	C:\Windows\system32\WINSPOOL.DRV
0x0000000068940000 - 0x0000000068961000 	C:\Program Files\MATLAB\R2011b\bin\win64\mwoles05.DLL
0x0000000068270000 - 0x00000000682e5000 	C:\Program Files\MATLAB\R2011b\bin\win64\comcli.dll
0x0000000067870000 - 0x000000006789f000 	C:\Windows\WinSxS\amd64_microsoft.vc90.atl_1fc8b3b9a1e18e3b_9.0.30729.6161_none_0a1fd3a3a768b895\ATL90.DLL
0x000000006ea70000 - 0x000000006ea7c000 	C:\Program Files\MATLAB\R2011b\bin\win64\mlautoregister.dll
0x0000000004c50000 - 0x0000000004c60000 	C:\Program Files\MATLAB\R2011b\bin\win64\boost_iostreams-vc90-mt-1_44.dll
0x000007fefdce0000 - 0x000007fefdd0e000 	C:\Windows\system32\IMM32.DLL
0x000007fefe0c0000 - 0x000007fefe1c9000 	C:\Windows\system32\MSCTF.dll
0x000007fefb960000 - 0x000007fefb9b6000 	C:\Windows\system32\UxTheme.dll
0x000007fefb530000 - 0x000007fefb548000 	C:\Windows\system32\dwmapi.dll
0x000000006e9f0000 - 0x000000006e9fd000 	C:\Windows\WinSxS\amd64_microsoft.vc90.mfcloc_1fc8b3b9a1e18e3b_9.0.30729.6161_none_01c9581e60cbee58\MFC90ENU.DLL
0x0000000004dc0000 - 0x0000000004de9000 	C:\Program Files\MATLAB\R2011b\bin\win64\tbbmalloc.dll
0x000007fefd180000 - 0x000007fefd18f000 	C:\Windows\system32\profapi.dll
0x000007fefac90000 - 0x000007fefac9f000 	C:\Program Files\MATLAB\R2011b\bin\win64\xmlxrcsc.dll
0x000007fefd0b0000 - 0x000007fefd0bf000 	C:\Windows\system32\CRYPTBASE.dll
0x000007fefbb40000 - 0x000007fefbd34000 	C:\Windows\WinSxS\amd64_microsoft.windows.common-controls_6595b64144ccf1df_6.0.7601.17514_none_fa396087175ac9ac\comctl32.dll
0x000007fefddb0000 - 0x000007fefdf87000 	C:\Windows\system32\SETUPAPI.dll
0x000007fefd3c0000 - 0x000007fefd3f6000 	C:\Windows\system32\CFGMGR32.dll
0x000007fefd230000 - 0x000007fefd24a000 	C:\Windows\system32\DEVOBJ.dll
0x000007fefef80000 - 0x000007feff019000 	C:\Windows\system32\CLBCatQ.DLL
0x000007fefb9c0000 - 0x000007fefbaec000 	C:\Windows\system32\propsys.dll
0x000007fefc030000 - 0x000007fefc05d000 	C:\Windows\system32\ntmarta.dll
0x000007fefd550000 - 0x000007fefd5a2000 	C:\Windows\system32\WLDAP32.dll
0x000007fef9de0000 - 0x000007fef9e07000 	C:\Windows\system32\iphlpapi.dll
0x000007fef9dd0000 - 0x000007fef9ddb000 	C:\Windows\system32\WINNSI.DLL
0x000007fefc870000 - 0x000007fefc8cb000 	C:\Windows\system32\DNSAPI.dll
0x000007fef9ba0000 - 0x000007fef9bb1000 	C:\Windows\system32\dhcpcsvc6.DLL
0x000007fef9db0000 - 0x000007fef9dc8000 	C:\Windows\system32\dhcpcsvc.DLL
0x000000006e9c0000 - 0x000000006e9c3000 	C:\Windows\system32\icmp.Dll
0x0000000078870000 - 0x0000000078ecd000 	C:\Program Files\MATLAB\R2011b\sys\java\jre\win64\jre\bin\server\jvm.dll

VM Arguments:
jvm_args: -Xss512k -XX:PermSize=32m -Xms64m -XX:NewRatio=3 -XX:MaxPermSize=128m -Xmx196m -XX:MaxDirectMemorySize=2147400000 -Dsun.java2d.noddraw=true -Dsun.awt.nopixfmt=true -Xshare:off -Xrs -Dsun.awt.disableMixing=true -Djava.library.path=C:\Program Files\MATLAB\R2011b\bin\win64 vfprintf abort 
java_command: <unknown>
Launcher Type: generic

Environment Variables:
PATH=C:\Program Files (x86)\NVIDIA Corporation\PhysX\Common;C:\Windows\system32;C:\Windows;C:\Windows\System32\Wbem;C:\Windows\System32\WindowsPowerShell\v1.0\;C:\Program Files (x86)\Common Files\Roxio Shared\DLLShared\;C:\Program Files (x86)\Common Files\Roxio Shared\OEM\DLLShared\;C:\Program Files (x86)\Common Files\Roxio Shared\OEM\DLLShared\;C:\Program Files (x86)\Common Files\Roxio Shared\OEM\12.0\DLLShared\;C:\Program Files (x86)\Roxio\OEM\AudioCore\;C:\Program Files\MATLAB\R2011b\runtime\win64;C:\Program Files\MATLAB\R2011b\bin
USERNAME=hesslab
OS=Windows_NT
PROCESSOR_IDENTIFIER=Intel64 Family 6 Model 42 Stepping 7, GenuineIntel



---------------  S Y S T E M  ---------------

OS: Windows 7 Build 7601 Service Pack 1

CPU:total 8 (8 cores per cpu, 2 threads per core) family 6 model 42 stepping 7, cmov, cx8, fxsr, mmx, sse, sse2, sse3, ssse3, sse4.1, sse4.2, ht

Memory: 4k page, physical 16758372k(9997508k free), swap 33514892k(25386236k free)

vm_info: Java HotSpot(TM) 64-Bit Server VM (14.3-b01) for windows-amd64 JRE (1.6.0_17-b04), built on Oct 11 2009 00:46:08 by "java_re" with MS VC++ 8.0

time: Wed Apr 17 16:52:43 2013
elapsed time: 1179 seconds

